/home/andrea/Documents/Projects/5G_measurement_framework/pcap_parser.py:413: SyntaxWarning: "is not" with a literal. Did you mean "!="?
  if wireless_data_file is not '':
  Found [1;32;40m142004[0m frames.
Connections:
44614
  [SYN] 192.168.70.129:44616 -> 12.1.1.151:10000
    0.352%          
    0.704%          
     1.06%          
     1.41%          
     1.76%          
     2.11%          
     2.46%          
     2.82%          
     3.17%          
     3.52%          
     3.87%          
     4.23%          
     4.58%          
     4.93%          
     5.28%          
     5.63%          
     5.99%          
     6.34%          
     6.69%          
     7.04%          
     7.39%          
     7.75%          
      8.1%          
     8.45%          
      8.8%          
     9.15%          
     9.51%          
     9.86%          
     10.2%          
     10.6%          
     10.9%          
     11.3%          
     11.6%          
     12.0%          
     12.3%      
                hours = int(timestamp[    
     12.7%          
     13.0%          
     13.4%          
     13.7%          
     14.1%          
     14.4%          
     14.8%          
     15.1%          
     15.5%          
     15.8%          
     16.2%          
     16.5%          
     16.9%          
     17.3%          
     17.6%          
     18.0%          
     18.3%          
     18.7%          
     19.0%          
     19.4%          
     19.7%          
     20.1%          
     20.4%          
     20.8%          
     21.1%          
     21.5%          
     21.8%          
     22.2%          
     22.5%          
     22.9%          
     23.2%          
     23.6%          
     23.9%          
     24.3%          
     24.6%          
     25.0%          
     25.4%          
     25.7%          
     26.1%          
     26.4%          
     26.8%          
     27.1%          
     27.5%          
     27.8%          
     28.2%          
     28.5%          
     28.9%          
     29.2%          
     29.6%          
     29.9%          
     30.3%          
     30.6%          
     31.0%          
     31.3%          
     31.7%          
     32.0%          
     32.4%          
     32.7%          
     33.1%          
     33.4%          
     33.8%          
     34.2%          
     34.5%          
     34.9%          
     35.2%          
     35.6%          
     35.9%          
     36.3%          
     36.6%          
     37.0%          
     37.3%          
     37.7%          
     38.0%          
     38.4%          
     38.7%          
     39.1%          
     39.4%          
     39.8%          
     40.1%          
     40.5%          
     40.8%          
     41.2%          
     41.5%          
     41.9%          
     42.3%          
     42.6%          
     43.0%          
     43.3%          
     43.7%          
     44.0%          
     44.4%          
     44.7%          
     45.1%          
     45.4%          
     45.8%          
     46.1%          
     46.5%          
     46.8%          
     47.2%          
     47.5%          
     47.9%          
     48.2%          
     48.6%          
     48.9%          
     49.3%          
  [FIN] 192.168.70.129:44616 -> 12.1.1.151:10000
     49.6%          
     50.0%          
     50.4%          
     50.7%          
     51.1%          
     51.4%          
     51.8%          
     52.1%          
     52.5%          
     52.8%          
     53.2%          
     53.5%          
     53.9%          
     54.2%          
     54.6%          
     54.9%          
     55.3%          
     55.6%          
     56.0%          
     56.3%          
     56.7%          
     57.0%          
     57.4%          
     57.7%          
     58.1%          
     58.4%          
     58.8%          
     59.2%          
     59.5%          
     59.9%          
     60.2%          
     60.6%          
     60.9%          
     61.3%          
     61.6%          
     62.0%          
     62.3%          
     62.7%          
     63.0%          
     63.4%          
     63.7%          
     64.1%          
     64.4%          
     64.8%          
     65.1%          
     65.5%          
     65.8%          
     66.2%          
     66.5%          
     66.9%          
     67.3%          
     67.6%          
     68.0%          
     68.3%          
     68.7%          
     69.0%          
     69.4%          
     69.7%          
     70.1%          
     70.4%          
     70.8%          
     71.1%          
     71.5%          
     71.8%          
     72.2%          
     72.5%          
     72.9%          
     73.2%          
     73.6%          
     73.9%          
     74.3%          
     74.6%          
     75.0%          
     75.3%          
     75.7%          
     76.1%          
     76.4%          
     76.8%          
     77.1%          
     77.5%          
     77.8%          
     78.2%          
     78.5%          
     78.9%          
     79.2%          
     79.6%          
     79.9%          
     80.3%          
     80.6%          
     81.0%          
     81.3%          
     81.7%          
     82.0%          
     82.4%          
     82.7%          
     83.1%          
     83.4%          
     83.8%          
     84.2%          
     84.5%          
     84.9%          
     85.2%          
     85.6%          
     85.9%          
     86.3%          
     86.6%          
     87.0%          
     87.3%          
     87.7%          
     88.0%          
     88.4%          
     88.7%          
     89.1%          
     89.4%          
     89.8%          
     90.1%          
     90.5%          
     90.8%          
     91.2%          
     91.5%          
     91.9%          
     92.3%          
     92.6%          
     93.0%          
     93.3%          
     93.7%          
     94.0%          
     94.4%          
     94.7%          
     95.1%          
     95.4%          
     95.8%          
     96.1%          
     96.5%          
     96.8%          
     97.2%          
     97.5%          
     97.9%          
     98.2%          
     98.6%          
     98.9%          
     99.3%          
     99.6%          
    1e+02%          
    1e+02%          
  1.01e+02%          
  1.01e+02%          
  1.01e+02%          
  1.02e+02%          
  1.02e+02%          
  1.02e+02%          
  1.03e+02%          
  1.03e+02%          
  1.04e+02%          
  1.04e+02%          
  1.04e+02%          
  1.05e+02%          
  1.05e+02%          
  1.05e+02%          
  1.06e+02%          
  1.06e+02%          
  1.06e+02%          
  1.07e+02%          
  1.07e+02%          
  1.07e+02%          
  1.08e+02%          
  1.08e+02%          
  1.08e+02%          
  1.09e+02%          
  1.09e+02%          
  1.1e+02%          
  1.1e+02%          
  1.1e+02%          
  1.11e+02%          
  1.11e+02%          
  1.11e+02%          
  1.12e+02%          
  1.12e+02%          
  1.12e+02%          
  1.13e+02%          
  1.13e+02%          
  1.13e+02%          
  1.14e+02%          
  1.14e+02%          
  1.14e+02%          
  1.15e+02%          
  1.15e+02%          
  1.15e+02%          
  1.16e+02%          
  1.16e+02%          
  1.17e+02%          
  1.17e+02%          
  1.17e+02%          
  1.18e+02%          
  1.18e+02%          
  1.18e+02%          
  100.00%
[44614]
cwnd_values
972
sec difference: -0.035430192947387695
972
wireless_data
101
sec difference: 71999.43190288544
[0.0, 1.0, 2.0, 3.0, 4.0, 5.0, 6.0, 7.0, 8.0, 9.0, 10.0, 11.0, 12.0, 13.0, 14.0, 15.0, 16.0, 17.0, 18.0, 19.0, 20.0, 21.0, 22.0, 23.0, 24.0, 25.0, 26.0, 27.0, 28.0, 29.0, 30.0, 31.0, 32.0, 33.0, 34.0, 35.0, 36.0, 37.0, 38.0, 39.0, 40.0, 41.0, 42.0, 43.0, 44.0, 45.0, 46.0, 47.0, 48.0, 49.0, 50.0, 51.0, 52.0, 53.0, 54.0, 55.0, 56.0, 57.0, 58.0, 59.0, 60.0, 61.0, 62.0, 63.0, 64.0, 65.0, 66.0, 67.0, 68.0, 69.0, 70.0, 71.0, 72.0, 73.0, 74.0, 75.0, 76.0, 77.0, 78.0, 79.0, 80.0, 81.0, 82.0, 83.0, 84.0, 85.0, 86.0, 87.0, 88.0, 89.0, 90.0, 91.0, 92.0, 93.0, 94.0, 95.0, 96.0, 97.0, 98.0, 99.0, 100.0]
Timestamp shift
     -  Complete plot: Sending Rate ...                     
     -  Complete plot: Throughput ...                       
     -  Complete plot: Avg RTT ...                          
     -  Complete plot: RTT ...                              
     -  Complete plot: Inflight ...                         
     -  Complete plot: CWnd ...                             
     -  Complete plot: rsrp ...                             
     -  Complete plot: bler ...                             
     -  Complete plot: mcs ...                              
  *  Complete plot ...                                      
  *  Complete plot created                                  
